<?xml version="1.0" encoding="UTF-8"?>
<!-- Generated by org.testng.reporters.JUnitReportReporter -->
<testsuite hostname="DESKTOP-M3A76RR" failures="0" tests="1" name="Package3.SeleniumProject3.Testcase5" time="60.817" errors="0" timestamp="2024-07-14T22:08:31 IST" skipped="0">
  <testcase classname="Package3.SeleniumProject3.Testcase5" name="login_to_search" time="60.817"/>
  <system-out/>
</testsuite> <!-- Package3.SeleniumProject3.Testcase5 -->
