<?xml version="1.0" encoding="UTF-8"?>
<!-- Generated by org.testng.reporters.JUnitReportReporter -->
<testsuite hostname="DESKTOP-M3A76RR" failures="0" tests="1" name="package2.Test_Data" time="1.810" errors="0" timestamp="2024-07-11T17:15:00 IST" skipped="0">
  <testcase classname="package2.Test_Data" name="Data_fetching" time="1.810"/>
  <system-out/>
</testsuite> <!-- package2.Test_Data -->
