<?xml version="1.0" encoding="UTF-8"?>
<!-- Generated by org.testng.reporters.JUnitReportReporter -->
<testsuite hostname="DESKTOP-M3A76RR" failures="0" tests="1" name="Package3.SeleniumProject3.Testcase2" time="24.678" errors="0" timestamp="2024-07-22T17:06:28 IST" skipped="0">
  <testcase classname="Package3.SeleniumProject3.Testcase2" name="login_to_search" time="24.678"/>
  <system-out/>
</testsuite> <!-- Package3.SeleniumProject3.Testcase2 -->
