<?xml version="1.0" encoding="UTF-8"?>
<!-- Generated by org.testng.reporters.JUnitReportReporter -->
<testsuite hostname="DESKTOP-M3A76RR" failures="0" tests="1" name="Package3.SeleniumProject3.Testcase2" time="31.202" errors="0" timestamp="2024-07-23T13:54:43 IST" skipped="0">
  <testcase classname="Package3.SeleniumProject3.Testcase2" name="login_to_search" time="31.202"/>
</testsuite> <!-- Package3.SeleniumProject3.Testcase2 -->
